  Enemy.cpp
F:\github_desktop\sdlproject\GameFramework\GF-20181220\GameFramework\Collision.h(32,15): warning C4244: '초기화 중': 'int'에서 'float'(으)로 변환하면서 데이터가 손실될 수 있습니다.
F:\github_desktop\sdlproject\GameFramework\GF-20181220\GameFramework\Collision.h(33,14): warning C4244: '초기화 중': 'int'에서 'float'(으)로 변환하면서 데이터가 손실될 수 있습니다.
F:\github_desktop\sdlproject\GameFramework\GF-20181220\GameFramework\Enemy.cpp(107,22): warning C4018: '>=': signed 또는 unsigned가 일치하지 않습니다.
F:\github_desktop\sdlproject\GameFramework\GF-20181220\GameFramework\Enemy.cpp(297,49): warning C4244: '=': 'float'에서 'int'(으)로 변환하면서 데이터가 손실될 수 있습니다.
F:\github_desktop\sdlproject\GameFramework\GF-20181220\GameFramework\Enemy.cpp(298,32): warning C4244: '=': 'float'에서 'int'(으)로 변환하면서 데이터가 손실될 수 있습니다.
F:\github_desktop\sdlproject\GameFramework\GF-20181220\GameFramework\Enemy.cpp(316,15): warning C4244: '초기화 중': 'float'에서 'int'(으)로 변환하면서 데이터가 손실될 수 있습니다.
F:\github_desktop\sdlproject\GameFramework\GF-20181220\GameFramework\Enemy.cpp(317,15): warning C4244: '초기화 중': 'float'에서 'int'(으)로 변환하면서 데이터가 손실될 수 있습니다.
F:\github_desktop\sdlproject\GameFramework\GF-20181220\GameFramework\Enemy.cpp(326,20): warning C4244: '인수': 'int'에서 'float'(으)로 변환하면서 데이터가 손실될 수 있습니다.
F:\github_desktop\sdlproject\GameFramework\GF-20181220\GameFramework\Enemy.cpp(339,20): warning C4244: '인수': 'int'에서 'float'(으)로 변환하면서 데이터가 손실될 수 있습니다.
  FXAnimation.cpp
  SDLGameObject.cpp
F:\github_desktop\sdlproject\GameFramework\GF-20181220\GameFramework\Camera.h(17,35): warning C4244: 'return': 'float'에서 'int'(으)로 변환하면서 데이터가 손실될 수 있습니다.
F:\github_desktop\sdlproject\GameFramework\GF-20181220\GameFramework\Camera.h(18,35): warning C4244: 'return': 'float'에서 'int'(으)로 변환하면서 데이터가 손실될 수 있습니다.
F:\github_desktop\sdlproject\GameFramework\GF-20181220\GameFramework\SDLGameObject.cpp(6,123): warning C4244: '인수': 'int'에서 'float'(으)로 변환하면서 데이터가 손실될 수 있습니다.
F:\github_desktop\sdlproject\GameFramework\GF-20181220\GameFramework\SDLGameObject.cpp(6,106): warning C4244: '인수': 'int'에서 'float'(으)로 변환하면서 데이터가 손실될 수 있습니다.
  Text.cpp
F:\github_desktop\sdlproject\GameFramework\GF-20181220\GameFramework\Camera.h(17,35): warning C4244: 'return': 'float'에서 'int'(으)로 변환하면서 데이터가 손실될 수 있습니다.
F:\github_desktop\sdlproject\GameFramework\GF-20181220\GameFramework\Camera.h(18,35): warning C4244: 'return': 'float'에서 'int'(으)로 변환하면서 데이터가 손실될 수 있습니다.
F:\github_desktop\sdlproject\GameFramework\GF-20181220\GameFramework\Text.cpp(19,45): warning C4244: '인수': 'int'에서 'float'(으)로 변환하면서 데이터가 손실될 수 있습니다.
F:\github_desktop\sdlproject\GameFramework\GF-20181220\GameFramework\Text.cpp(19,76): warning C4244: '인수': 'int'에서 'float'(으)로 변환하면서 데이터가 손실될 수 있습니다.
  UIManager.cpp
F:\github_desktop\sdlproject\GameFramework\GF-20181220\GameFramework\UIManager.cpp(75,12): warning C4244: 'return': 'float'에서 'int'(으)로 변환하면서 데이터가 손실될 수 있습니다.
  UIObject.cpp
  코드를 생성하고 있습니다...
  GameFramework.vcxproj -> F:\github_desktop\sdlproject\GameFramework\GF-20181220\GameFramework\Debug\GameFramework.exe
